<?xml version="1.0" encoding="UTF-8"?>
<!-- Generated by org.testng.reporters.JUnitXMLReporter -->
<testsuite ignored="0" hostname="SurajDheple" failures="0" tests="5" name="Test" time="14.166" errors="0" timestamp="2023-06-28T09:44:20 IST">
  <testcase classname="Test_Classes1.Retry_Post_TC01" name="extractor" time="8.611"/>
  <testcase classname="Test_Classes1.Post_Create_TC01" name="extractor" time="1.542"/>
  <testcase classname="Test_Classes1.Put_TC01" name="extractor" time="1.36"/>
  <testcase classname="Test_Classes1.Patch_TC01" name="extractor" time="1.51"/>
  <testcase classname="Test_Classes1.Get_TC01" name="extractor" time="0.866"/>
</testsuite> <!-- Test -->
