<?xml version="1.0" encoding="UTF-8"?>
<testng-results ignored="0" total="5" passed="5" failed="0" skipped="0">
  <reporter-output>
  </reporter-output>
  <suite started-at="2023-06-28T09:44:06 IST" name="Suite" finished-at="2023-06-28T09:44:20 IST" duration-ms="14166">
    <groups>
    </groups>
    <test started-at="2023-06-28T09:44:06 IST" name="Test" finished-at="2023-06-28T09:44:20 IST" duration-ms="14166">
      <class name="Test_Classes1.Get_TC01">
        <test-method signature="extractor()[pri:0, instance:Test_Classes1.Get_TC01@6e9a5ed8]" started-at="2023-06-28T09:44:19 IST" name="extractor" finished-at="2023-06-28T09:44:20 IST" duration-ms="866" status="PASS">
          <reporter-output>
          </reporter-output>
        </test-method> <!-- extractor -->
      </class> <!-- Test_Classes1.Get_TC01 -->
      <class name="Test_Classes1.Patch_TC01">
        <test-method signature="extractor()[pri:0, instance:Test_Classes1.Patch_TC01@268f106e]" started-at="2023-06-28T09:44:18 IST" name="extractor" finished-at="2023-06-28T09:44:19 IST" duration-ms="1510" status="PASS">
          <reporter-output>
          </reporter-output>
        </test-method> <!-- extractor -->
      </class> <!-- Test_Classes1.Patch_TC01 -->
      <class name="Test_Classes1.Retry_Post_TC01">
        <test-method signature="extractor()[pri:0, instance:Test_Classes1.Retry_Post_TC01@57a78e3]" started-at="2023-06-28T09:44:06 IST" name="extractor" finished-at="2023-06-28T09:44:15 IST" duration-ms="8611" status="PASS">
          <reporter-output>
          </reporter-output>
        </test-method> <!-- extractor -->
      </class> <!-- Test_Classes1.Retry_Post_TC01 -->
      <class name="Test_Classes1.Post_Create_TC01">
        <test-method signature="extractor()[pri:0, instance:Test_Classes1.Post_Create_TC01@1750fbeb]" started-at="2023-06-28T09:44:15 IST" name="extractor" finished-at="2023-06-28T09:44:17 IST" duration-ms="1542" status="PASS">
          <reporter-output>
          </reporter-output>
        </test-method> <!-- extractor -->
      </class> <!-- Test_Classes1.Post_Create_TC01 -->
      <class name="Test_Classes1.Put_TC01">
        <test-method signature="extractor()[pri:0, instance:Test_Classes1.Put_TC01@5b247367]" started-at="2023-06-28T09:44:17 IST" name="extractor" finished-at="2023-06-28T09:44:18 IST" duration-ms="1360" status="PASS">
          <reporter-output>
          </reporter-output>
        </test-method> <!-- extractor -->
      </class> <!-- Test_Classes1.Put_TC01 -->
    </test> <!-- Test -->
  </suite> <!-- Suite -->
</testng-results>
